<?xml version="1.0" encoding="UTF-8"?>
<!-- Generated by org.testng.reporters.JUnitReportReporter -->
<testsuite skipped="0" hostname="QSG-LP-043" name="Requirements.OneTrustAutomation" tests="1" failures="0" timestamp="26 Mar 2017 07:02:23 GMT" time="50.646" errors="0">
  <testcase name="TakeScreenShot_ContactsPage" time="50.646" classname="Requirements.OneTrustAutomation"/>
</testsuite> <!-- Requirements.OneTrustAutomation -->
